[    1305ms] [INFO] %cDownload the React DevTools for a better development experience: https://react.dev/link/react-devtools font-weight:bold @ http://localhost:3000/_next/static/chunks/1u-r_next_dist_1vdoc41._.js:2477
[    2104ms] [LOG] [HMR] connected @ http://localhost:3000/_next/static/chunks/1u-r_next_dist_1vdoc41._.js:2477
[   29049ms] [WARNING] THREE.Clock: This module has been deprecated. Please use THREE.Timer instead. @ http://localhost:3000/_next/static/chunks/1u-r_next_dist_1vdoc41._.js:2477
[   61952ms] [LOG] THREE.WebGLRenderer: Context Lost. @ http://localhost:3000/_next/static/chunks/1u-r_next_dist_1vdoc41._.js:2477
[   62815ms] [WARNING] THREE.Clock: This module has been deprecated. Please use THREE.Timer instead. @ http://localhost:3000/_next/static/chunks/1u-r_next_dist_1vdoc41._.js:2477
[   69411ms] [LOG] THREE.WebGLRenderer: Context Lost. @ http://localhost:3000/_next/static/chunks/1u-r_next_dist_1vdoc41._.js:2477
[   70305ms] [WARNING] THREE.Clock: This module has been deprecated. Please use THREE.Timer instead. @ http://localhost:3000/_next/static/chunks/1u-r_next_dist_1vdoc41._.js:2477
[   71552ms] [WARNING] THREE.Clock: This module has been deprecated. Please use THREE.Timer instead. @ http://localhost:3000/_next/static/chunks/1u-r_next_dist_1vdoc41._.js:2477
[   75293ms] [LOG] THREE.WebGLRenderer: Context Lost. @ http://localhost:3000/_next/static/chunks/1u-r_next_dist_1vdoc41._.js:2477
[   75333ms] [LOG] THREE.WebGLRenderer: Context Lost. @ http://localhost:3000/_next/static/chunks/1u-r_next_dist_1vdoc41._.js:2477
[   87419ms] [LOG] [Fast Refresh] rebuilding @ http://localhost:3000/_next/static/chunks/1u-r_next_dist_1vdoc41._.js:2477
[   88641ms] [LOG] [Fast Refresh] done in 613ms @ http://localhost:3000/_next/static/chunks/1u-r_next_dist_1vdoc41._.js:2477
[   91882ms] [LOG] [Fast Refresh] rebuilding @ http://localhost:3000/_next/static/chunks/1u-r_next_dist_1vdoc41._.js:2477
[   91954ms] [LOG] [Fast Refresh] done in 124ms @ http://localhost:3000/_next/static/chunks/1u-r_next_dist_1vdoc41._.js:2477
[   92491ms] [LOG] [Fast Refresh] rebuilding @ http://localhost:3000/_next/static/chunks/1u-r_next_dist_1vdoc41._.js:2477
[   99278ms] [INFO] %cDownload the React DevTools for a better development experience: https://react.dev/link/react-devtools font-weight:bold @ http://localhost:3000/_next/static/chunks/1u-r_next_dist_1vdoc41._.js:2477
[  101817ms] [LOG] [HMR] connected @ http://localhost:3000/_next/static/chunks/1u-r_next_dist_1vdoc41._.js:2477
[  102436ms] [LOG] [Fast Refresh] rebuilding @ http://localhost:3000/_next/static/chunks/1u-r_next_dist_1vdoc41._.js:2477
[  102516ms] [LOG] [Fast Refresh] done in 54ms @ http://localhost:3000/_next/static/chunks/1u-r_next_dist_1vdoc41._.js:2477
[  102520ms] [LOG] [Fast Refresh] rebuilding @ http://localhost:3000/_next/static/chunks/1u-r_next_dist_1vdoc41._.js:2477
[  102540ms] [LOG] [Fast Refresh] done in 0ms @ http://localhost:3000/_next/static/chunks/1u-r_next_dist_1vdoc41._.js:2477
[  111453ms] [LOG] [Fast Refresh] rebuilding @ http://localhost:3000/_next/static/chunks/1u-r_next_dist_1vdoc41._.js:2477
[  111494ms] [LOG] [Fast Refresh] done in 28ms @ http://localhost:3000/_next/static/chunks/1u-r_next_dist_1vdoc41._.js:2477
[  112412ms] [LOG] [Fast Refresh] rebuilding @ http://localhost:3000/_next/static/chunks/1u-r_next_dist_1vdoc41._.js:2477
[  112443ms] [LOG] [Fast Refresh] done in 24ms @ http://localhost:3000/_next/static/chunks/1u-r_next_dist_1vdoc41._.js:2477
[  112750ms] [WARNING] THREE.Clock: This module has been deprecated. Please use THREE.Timer instead. @ http://localhost:3000/_next/static/chunks/1u-r_next_dist_1vdoc41._.js:2477
[  124774ms] [LOG] [Fast Refresh] rebuilding @ http://localhost:3000/_next/static/chunks/1u-r_next_dist_1vdoc41._.js:2477
[  128014ms] [LOG] [Fast Refresh] done in 1096ms @ http://localhost:3000/_next/static/chunks/1u-r_next_dist_1vdoc41._.js:2477
[  192764ms] [INFO] %cDownload the React DevTools for a better development experience: https://react.dev/link/react-devtools font-weight:bold @ http://localhost:3000/_next/static/chunks/1u-r_next_dist_1vdoc41._.js:2477
[  195985ms] [LOG] [HMR] connected @ http://localhost:3000/_next/static/chunks/1u-r_next_dist_1vdoc41._.js:2477
[  268034ms] [LOG] [Fast Refresh] rebuilding @ http://localhost:3000/_next/static/chunks/1u-r_next_dist_1vdoc41._.js:2477
[  270045ms] [LOG] [Fast Refresh] done in 161ms @ http://localhost:3000/_next/static/chunks/1u-r_next_dist_1vdoc41._.js:2477
[  271553ms] [LOG] [Fast Refresh] rebuilding @ http://localhost:3000/_next/static/chunks/1u-r_next_dist_1vdoc41._.js:2477
[  271916ms] [LOG] [Fast Refresh] done in 31ms @ http://localhost:3000/_next/static/chunks/1u-r_next_dist_1vdoc41._.js:2477
[  278059ms] [LOG] [Fast Refresh] rebuilding @ http://localhost:3000/_next/static/chunks/1u-r_next_dist_1vdoc41._.js:2477
[  278198ms] [LOG] [Fast Refresh] done in 69ms @ http://localhost:3000/_next/static/chunks/1u-r_next_dist_1vdoc41._.js:2477
[  281681ms] [LOG] [Fast Refresh] rebuilding @ http://localhost:3000/_next/static/chunks/1u-r_next_dist_1vdoc41._.js:2477
[  282785ms] ReferenceError: useEffect is not defined
    at AdaptiveDesignTab (http://localhost:3000/_next/static/chunks/qbi_project_frontend_components_AdaptiveDesignTab_tsx_0afpu0w._.js?id=%255Bproject%255D%252Fqbi_project%252Ffrontend%252Fcomponents%252FAdaptiveDesignTab.tsx+%255Bapp-client%255D+%2528ecmascript%2529:53:5)
    at Object.react_stack_bottom_frame (http://localhost:3000/_next/static/chunks/1u-r_next_dist_compiled_react-dom_0kjtp0_._.js:15037:24)
    at renderWithHooks (http://localhost:3000/_next/static/chunks/1u-r_next_dist_compiled_react-dom_0kjtp0_._.js:4620:24)
    at updateFunctionComponent (http://localhost:3000/_next/static/chunks/1u-r_next_dist_compiled_react-dom_0kjtp0_._.js:6081:21)
    at beginWork (http://localhost:3000/_next/static/chunks/1u-r_next_dist_compiled_react-dom_0kjtp0_._.js:6691:24)
    at runWithFiberInDEV (http://localhost:3000/_next/static/chunks/1u-r_next_dist_compiled_react-dom_0kjtp0_._.js:965:74)
    at performUnitOfWork (http://localhost:3000/_next/static/chunks/1u-r_next_dist_compiled_react-dom_0kjtp0_._.js:9555:97)
    at workLoopSync (http://localhost:3000/_next/static/chunks/1u-r_next_dist_compiled_react-dom_0kjtp0_._.js:9449:40)
    at renderRootSync (http://localhost:3000/_next/static/chunks/1u-r_next_dist_compiled_react-dom_0kjtp0_._.js:9433:13)
    at performWorkOnRoot (http://localhost:3000/_next/static/chunks/1u-r_next_dist_compiled_react-dom_0kjtp0_._.js:9098:47)
    at performSyncWorkOnRoot (http://localhost:3000/_next/static/chunks/1u-r_next_dist_compiled_react-dom_0kjtp0_._.js:10263:9)
    at flushSyncWorkAcrossRoots_impl (http://localhost:3000/_next/static/chunks/1u-r_next_dist_compiled_react-dom_0kjtp0_._.js:10179:316)
    at flushSyncWork$1 (http://localhost:3000/_next/static/chunks/1u-r_next_dist_compiled_react-dom_0kjtp0_._.js:9230:86)
    at Object.scheduleRefresh (http://localhost:3000/_next/static/chunks/1u-r_next_dist_compiled_react-dom_0kjtp0_._.js:299:13)
    at http://localhost:3000/_next/static/chunks/1u-r_next_dist_compiled_0kimvna._.js:391:33
    at Set.forEach (<anonymous>)
    at Object.performReactRefresh (http://localhost:3000/_next/static/chunks/1u-r_next_dist_compiled_0kimvna._.js:384:38)
    at applyUpdate (http://localhost:3000/_next/static/chunks/1u-r_next_dist_compiled_0kimvna._.js:878:31)
    at http://localhost:3000/_next/static/chunks/1u-r_next_dist_compiled_0kimvna._.js:886:13
[  283548ms] [LOG] [Fast Refresh] done in 33ms @ http://localhost:3000/_next/static/chunks/1u-r_next_dist_1vdoc41._.js:2477
[  302644ms] [LOG] [Fast Refresh] rebuilding @ http://localhost:3000/_next/static/chunks/1u-r_next_dist_1vdoc41._.js:2477
[  302653ms] [WARNING] [Fast Refresh] performing full reload because your application had an unrecoverable error @ http://localhost:3000/_next/static/chunks/1u-r_next_dist_1vdoc41._.js:2477
[  303619ms] [INFO] %cDownload the React DevTools for a better development experience: https://react.dev/link/react-devtools font-weight:bold @ http://localhost:3000/_next/static/chunks/1u-r_next_dist_1vdoc41._.js:2477
[  304043ms] [LOG] [HMR] connected @ http://localhost:3000/_next/static/chunks/1u-r_next_dist_1vdoc41._.js:2477
[  326188ms] [WARNING] THREE.Clock: This module has been deprecated. Please use THREE.Timer instead. @ http://localhost:3000/_next/static/chunks/1u-r_next_dist_1vdoc41._.js:2477
[  355708ms] [INFO] %cDownload the React DevTools for a better development experience: https://react.dev/link/react-devtools font-weight:bold @ http://localhost:3000/_next/static/chunks/1u-r_next_dist_1vdoc41._.js:2477
[  357432ms] [LOG] [HMR] connected @ http://localhost:3000/_next/static/chunks/1u-r_next_dist_1vdoc41._.js:2477
[  396436ms] [LOG] [Fast Refresh] rebuilding @ http://localhost:3000/_next/static/chunks/1u-r_next_dist_1vdoc41._.js:2477
[  400468ms] [LOG] [Fast Refresh] done in 218ms @ http://localhost:3000/_next/static/chunks/1u-r_next_dist_1vdoc41._.js:2477
[  419729ms] [INFO] %cDownload the React DevTools for a better development experience: https://react.dev/link/react-devtools font-weight:bold @ http://localhost:3000/_next/static/chunks/1u-r_next_dist_1vdoc41._.js:2477
[  423542ms] [LOG] [HMR] connected @ http://localhost:3000/_next/static/chunks/1u-r_next_dist_1vdoc41._.js:2477
[  488312ms] [WARNING] THREE.Clock: This module has been deprecated. Please use THREE.Timer instead. @ http://localhost:3000/_next/static/chunks/1u-r_next_dist_1vdoc41._.js:2477
